[91m[36m         __  __      ______ ____   ____   _____
[91m[36m        / / / /_____/ ,____/_/ /  / __ \/'_   /
[91m[36m       / / / / __ '/ /____/ / /  / / / / / / / 
[91m[36m      / /_/ / /_/ /___,  / / /__/ /_/ / / / /  
[91m[36m      \____/ ____/______/_/____/\____/_/ /_/   
[91m[36m          / /                                  
[91m[36m         /_/                                   
[0;34m          - When Epsiloff and Omegout          [0m

[32mBuilding U1.1.2-E15.5.0
[32m  Targeting Numworks n0100
[32m    Building on Linux amd64
[0m[39m
Makefile:17: reader app included, removing it on n0100. 
Makefile:25: Removing uLab on n0100. 
Makefile:53: HOME_DISPLAY_EXTERNALS is set but external isn't included, ignoring flag.
I18N    apps/i18n.cpp
CXX     apps/i18n.o
LD      epsilon.onboarding.elf
output/release/device/n0100/apps/i18n.h:2455:12: warning: type 'I18n::Language' violates the C++ One Definition Rule [-Wodr]
 2455 | enum class Language : uint8_t {
      |            ^
output/release/device/n0100/apps/i18n.h:2455:12: note: an enum with different value name is defined in another translation unit
 2455 | enum class Language : uint8_t {
      |            ^
output/release/device/n0100/apps/i18n.h:2456:3: note: name 'EN' differs from name 'FR' defined in another translation unit
 2456 |   FR,
      |   ^
output/release/device/n0100/apps/i18n.h:2456:3: note: mismatching definition
 2456 |   FR,
      |   ^
output/release/device/n0100/apps/i18n.h:15:12: warning: type 'I18n::Message' violates the C++ One Definition Rule [-Wodr]
   15 | enum class Message : uint16_t {
      |            ^
output/release/device/n0100/apps/i18n.h:15:12: note: an enum with different value name is defined in another translation unit
   15 | enum class Message : uint16_t {
      |            ^
output/release/device/n0100/apps/i18n.h:290:3: note: name 'LanguageEN' differs from name 'LanguageFR' defined in another translation unit
  290 |   LanguageFR,
      |   ^
output/release/device/n0100/apps/i18n.h:290:3: note: mismatching definition
  290 |   LanguageFR,
      |   ^
/usr/lib/gcc/arm-none-eabi/13.2.0/../../../../arm-none-eabi/bin/ld: warning: output/release/device/n0100/epsilon.onboarding.elf has a LOAD segment with RWX permissions
Building an internal binary for     output/release/device/n0100/epsilon.onboarding.elf
Padding output/release/device/n0100/epsilon.onboarding.internal.bin
rm -rf output/release/device/n0100/binpack
mkdir -p output/release/device/n0100/binpack
cp output/release/device/n0100/epsilon.onboarding.internal.bin output/release/device/n0100/binpack
cd output/release/device/n0100 && for binary in epsilon.onboarding.internal.bin; do shasum -a 256 -b binpack/${binary} > binpack/${binary}.sha256;done
cd output/release/device/n0100 && tar cvfz binpack-n0100-`git rev-parse HEAD | head -c 7`.tgz binpack/*
binpack/epsilon.onboarding.internal.bin
binpack/epsilon.onboarding.internal.bin.sha256
[91m[36m         __  __      ______ ____   ____   _____
[91m[36m        / / / /_____/ ,____/_/ /  / __ \/'_   /
[91m[36m       / / / / __ '/ /____/ / /  / / / / / / / 
[91m[36m      / /_/ / /_/ /___,  / / /__/ /_/ / / / /  
[91m[36m      \____/ ____/______/_/____/\____/_/ /_/   
[91m[36m          / /                                  
[91m[36m         /_/                                   
[0;34m          - When Epsiloff and Omegout          [0m

[32mBuilding U1.1.2-E15.5.0
[32m  Targeting Numworks n0100
[32m    Building on Linux amd64
[0m[39m
Makefile:17: reader app included, removing it on n0100. 
Makefile:25: Removing uLab on n0100. 
Makefile:53: HOME_DISPLAY_EXTERNALS is set but external isn't included, ignoring flag.
CXX     apps/alternate_empty_nested_menu_controller.o
CXX     apps/apps_container.o
CXX     apps/apps_container_launch_on_boarding.o
CXX     apps/apps_container_prompt_none.o
CXX     apps/apps_container_storage.o
CXX     apps/apps_window.o
CXX     apps/atomic/atomic_icon.o
CXX     apps/atomic/atom_info.o
CXX     apps/atomic/atomic_cell.o
CXX     apps/atomic/list_atomic_cell.o
CXX     apps/atomic/list_controller.o
CXX     apps/atomic/message_table_cell_with_expression_with_copy.o
CXX     apps/atomic/table_controller.o
CXX     apps/atomic/table_lines_view.o
CXX     apps/backlight_dimming_timer.o
In file included from ./apps/calculation/../shared/../apps_container.h:10,
                 from ./apps/calculation/../shared/text_field_delegate_app.h:8,
                 from ./apps/calculation/../shared/text_field_delegate.h:4,
                 from ./apps/calculation/edit_expression_controller.h:7,
                 from ./apps/calculation/app.h:5,
                 from <command-line>:
./apps/calculation/../shared/../math_toolbox.h:12:8: warning: 'virtual bool MathToolbox::selectLeaf(int, bool)' was hidden [-Woverloaded-virtual=]
   12 |   bool selectLeaf(int selectedRow, bool quitToolbox) override;
      |        ^~~~~~~~~~
In file included from ./apps/rpn/app.h:11,
                 from <command-line>:
./apps/rpn/rpn_toolbox.h:17:8: note:   by 'bool Rpn::Toolbox::selectLeaf(int)'
   17 |   bool selectLeaf(int selectedRow);
      |        ^~~~~~~~~~
CXX     apps/battery_timer.o
In file included from ./apps/calculation/../shared/../apps_container.h:10,
                 from ./apps/calculation/../shared/text_field_delegate_app.h:8,
                 from ./apps/calculation/../shared/text_field_delegate.h:4,
                 from ./apps/calculation/edit_expression_controller.h:7,
                 from ./apps/calculation/app.h:5,
                 from <command-line>:
./apps/calculation/../shared/../math_toolbox.h:12:8: warning: 'virtual bool MathToolbox::selectLeaf(int, bool)' was hidden [-Woverloaded-virtual=]
   12 |   bool selectLeaf(int selectedRow, bool quitToolbox) override;
      |        ^~~~~~~~~~
In file included from ./apps/rpn/app.h:11,
                 from <command-line>:
./apps/rpn/rpn_toolbox.h:17:8: note:   by 'bool Rpn::Toolbox::selectLeaf(int)'
   17 |   bool selectLeaf(int selectedRow);
      |        ^~~~~~~~~~
CXX     apps/battery_view.o
CXX     apps/calculation/additional_outputs/complex_graph_cell.o
CXX     apps/calculation/additional_outputs/complex_list_controller.o
CXX     apps/calculation/additional_outputs/complex_model.o
CXX     apps/calculation/additional_outputs/expression_with_equal_sign_view.o
CXX     apps/calculation/additional_outputs/expressions_list_controller.o
apps/atomic/list_controller.cpp: In member function 'virtual int Atomic::ListController::reusableCellCount(int)':
apps/atomic/list_controller.cpp:116:5: warning: control reaches end of non-void function [-Wreturn-type]
  116 |     default:
      |     ^~~~~~~
CXX     apps/calculation/additional_outputs/illustrated_list_controller.o
CXX     apps/calculation/additional_outputs/illustration_cell.o
CXX     apps/calculation/additional_outputs/integer_list_controller.o
CXX     apps/calculation/additional_outputs/list_controller.o
CXX     apps/calculation/additional_outputs/matrix_list_controller.o
CXX     apps/calculation/additional_outputs/rational_list_controller.o
CXX     apps/calculation/additional_outputs/scrollable_three_expressions_cell.o
CXX     apps/calculation/additional_outputs/second_degree_list_controller.o
CXX     apps/calculation/additional_outputs/trigonometry_graph_cell.o
CXX     apps/calculation/additional_outputs/trigonometry_list_controller.o
CXX     apps/calculation/additional_outputs/trigonometry_model.o
CXX     apps/calculation/additional_outputs/unit_list_controller.o
CXX     apps/calculation/calculation_icon.o
CXX     apps/calculation/calculation.o
apps/calculation/additional_outputs/second_degree_list_controller.cpp: In member function 'virtual void Calculation::SecondDegreeListController::setExpression(Poincare::Expression)':
apps/calculation/additional_outputs/second_degree_list_controller.cpp:41:7: warning: unused variable 'degree' [-Wunused-variable]
   41 |   int degree = m_expression.getPolynomialReducedCoefficients(
      |       ^~~~~~
apps/calculation/additional_outputs/second_degree_list_controller.cpp: In member function 'Poincare::Expression Calculation::SecondDegreeListController::getOppositeIfExists(Poincare::Expression, Poincare::ExpressionNode::ReductionContext*)':
apps/calculation/additional_outputs/second_degree_list_controller.cpp:274:21: warning: moving a temporary object prevents copy elision [-Wpessimizing-move]
  274 |     return std::move(e.childAtIndex(0).clone());
      |            ~~~~~~~~~^~~~~~~~~~~~~~~~~~~~~~~~~~~
apps/calculation/additional_outputs/second_degree_list_controller.cpp:274:21: note: remove 'std::move' call
CXX     apps/calculation/calculation_store.o
CXX     apps/calculation/edit_expression_controller.o
CXX     apps/calculation/expression_field.o
CXX     apps/calculation/history_controller.o
CXX     apps/calculation/history_view_cell.o
CXX     apps/calculation/selectable_table_view.o
CXX     apps/clock_timer.o
CXX     apps/code/code_icon.o
CXX     apps/code/console_controller.o
CXX     apps/code/console_edit_cell.o
CXX     apps/code/console_line_cell.o
CXX     apps/code/console_store.o
CXX     apps/code/editor_controller.o
CXX     apps/code/editor_view.o
CXX     apps/code/helpers.o
CXX     apps/code/menu_controller.o
CXX     apps/code/python_text_area.o
CXX     apps/code/python_toolbox.o
CXX     apps/code/sandbox_controller.o
CXX     apps/code/script.o
CXX     apps/code/script_name_cell.o
CXX     apps/code/script_node_cell.o
CXX     apps/code/script_parameter_controller.o
CXX     apps/code/script_store.o
CXX     apps/code/script_template.o
CXX     apps/code/toolbox_ion_keys.o
CXX     apps/code/variable_box_controller.o
CXX     apps/code/variable_box_empty_controller.o
CXX     apps/empty_battery_window.o
CXX     apps/exam_icon.o
CXX     apps/exam_mode_configuration_non_official.o
CXX     apps/exam_pop_up_controller.o
CXX     apps/global_preferences.o
CXX     apps/graph/graph_icon.o
CXX     apps/graph/continuous_function_store.o
CXX     apps/graph/graph/banner_view.o
CXX     apps/graph/graph/calculation_graph_controller.o
CXX     apps/graph/graph/calculation_parameter_controller.o
CXX     apps/graph/graph/curve_parameter_controller.o
CXX     apps/graph/graph/extremum_graph_controller.o
CXX     apps/graph/graph/graph_controller.o
CXX     apps/graph/graph/graph_controller_helper.o
CXX     apps/graph/graph/graph_view.o
CXX     apps/graph/graph/integral_graph_controller.o
CXX     apps/graph/graph/intersection_graph_controller.o
CXX     apps/graph/graph/preimage_graph_controller.o
CXX     apps/graph/graph/preimage_parameter_controller.o
CXX     apps/graph/graph/root_graph_controller.o
CXX     apps/graph/graph/tangent_graph_controller.o
CXX     apps/graph/list/domain_parameter_controller.o
CXX     apps/graph/list/list_controller.o
CXX     apps/graph/list/list_parameter_controller.o
CXX     apps/graph/list/text_field_function_title_cell.o
CXX     apps/graph/list/type_helper.o
CXX     apps/graph/list/type_parameter_controller.o
CXX     apps/graph/values/abscissa_title_cell.o
CXX     apps/graph/values/derivative_parameter_controller.o
CXX     apps/graph/values/function_parameter_controller.o
CXX     apps/graph/values/interval_parameter_selector_controller.o
CXX     apps/graph/values/values_controller.o
CXX     apps/hardware_test/app.o
CXX     apps/hardware_test/arrow_view.o
CXX     apps/hardware_test/battery_test_controller.o
CXX     apps/hardware_test/code_128b_view.o
CXX     apps/hardware_test/colors_lcd_test_controller.o
CXX     apps/hardware_test/dead_pixels_test_controller.o
CXX     apps/hardware_test/keyboard_model.o
CXX     apps/hardware_test/keyboard_test_controller.o
CXX     apps/hardware_test/keyboard_view.o
CXX     apps/hardware_test/lcd_data_test_controller.o
CXX     apps/hardware_test/lcd_timing_test_controller.o
CXX     apps/hardware_test/led_test_controller.o
CXX     apps/hardware_test/pop_up_controller.o
CXX     apps/hardware_test/serial_number_controller.o
CXX     apps/hardware_test/vblank_test_controller.o
CXX     apps/home/app.o
CXX     apps/home/app_cell.o
CXX     apps/home/apps_layout.o
CXX     apps/home/controller.o
CXX     apps/home/selectable_table_view_with_background.o
CXX     apps/host_filemanager.o
CXX     apps/lock_view.o
CXX     apps/main.o
CXX     apps/math_toolbox.o
CXX     apps/math_variable_box_controller.o
CXX     apps/math_variable_box_empty_controller.o
CXX     apps/on_boarding/app.o
CXX     apps/on_boarding/localization_controller.o
CXX     apps/on_boarding/logo_controller.o
CXX     apps/on_boarding/logo_icon.o
CXX     apps/on_boarding/power_on_self_test.o
CXX     apps/on_boarding/prompt_controller.o
CXX     apps/probability/probability_icon.o
CXX     apps/probability/calculation/calculation.o
In file included from ./apps/calculation/../shared/../apps_container.h:10,
                 from ./apps/calculation/../shared/text_field_delegate_app.h:8,
                 from ./apps/calculation/../shared/text_field_delegate.h:4,
                 from ./apps/calculation/edit_expression_controller.h:7,
                 from ./apps/calculation/app.h:5,
                 from <command-line>:
./apps/calculation/../shared/../math_toolbox.h:12:8: warning: 'virtual bool MathToolbox::selectLeaf(int, bool)' was hidden [-Woverloaded-virtual=]
   12 |   bool selectLeaf(int selectedRow, bool quitToolbox) override;
      |        ^~~~~~~~~~
In file included from ./apps/rpn/app.h:11,
                 from <command-line>:
./apps/rpn/rpn_toolbox.h:17:8: note:   by 'bool Rpn::Toolbox::selectLeaf(int)'
   17 |   bool selectLeaf(int selectedRow);
      |        ^~~~~~~~~~
CXX     apps/probability/calculation/discrete_calculation.o
CXX     apps/probability/calculation/finite_integral_calculation.o
CXX     apps/probability/calculation/left_integral_calculation.o
CXX     apps/probability/calculation/right_integral_calculation.o
CXX     apps/probability/calculation_cell.o
CXX     apps/probability/images/calcul1_icon.o
CXX     apps/probability/images/calcul3_icon.o
CXX     apps/probability/images/calcul2_icon.o
CXX     apps/probability/images/calcul4_icon.o
CXX     apps/probability/images/focused_calcul1_icon.o
CXX     apps/probability/images/focused_calcul2_icon.o
CXX     apps/probability/images/focused_calcul3_icon.o
CXX     apps/probability/images/focused_calcul4_icon.o
CXX     apps/probability/cell.o
CXX     apps/probability/distribution/binomial_distribution.o
CXX     apps/probability/distribution/chi_squared_distribution.o
CXX     apps/probability/distribution/distribution.o
CXX     apps/probability/distribution/exponential_distribution.o
CXX     apps/probability/distribution/fisher_distribution.o
CXX     apps/probability/distribution/geometric_distribution.o
CXX     apps/probability/distribution/helper.o
CXX     apps/probability/distribution/hypergeometric_function.o
CXX     apps/probability/distribution/normal_distribution.o
CXX     apps/probability/distribution/poisson_distribution.o
CXX     apps/probability/distribution/regularized_gamma.o
CXX     apps/probability/distribution/two_parameter_distribution.o
CXX     apps/probability/distribution/student_distribution.o
CXX     apps/probability/distribution/uniform_distribution.o
CXX     apps/probability/images/binomial_icon.o
CXX     apps/probability/images/chi_squared_icon.o
CXX     apps/probability/images/exponential_icon.o
CXX     apps/probability/images/fisher_icon.o
CXX     apps/probability/images/focused_binomial_icon.o
CXX     apps/probability/images/focused_chi_squared_icon.o
CXX     apps/probability/images/focused_exponential_icon.o
CXX     apps/probability/images/focused_fisher_icon.o
CXX     apps/probability/images/focused_geometric_icon.o
CXX     apps/probability/images/focused_normal_icon.o
CXX     apps/probability/images/focused_poisson_icon.o
CXX     apps/probability/images/focused_student_icon.o
CXX     apps/probability/images/focused_uniform_icon.o
CXX     apps/probability/images/geometric_icon.o
CXX     apps/probability/images/normal_icon.o
CXX     apps/probability/images/student_icon.o
CXX     apps/probability/images/poisson_icon.o
CXX     apps/probability/images/uniform_icon.o
CXX     apps/probability/distribution_curve_view.o
CXX     apps/probability/image_cell.o
CXX     apps/probability/parameters_controller.o
CXX     apps/probability/responder_image_cell.o
CXX     apps/regression/regression_icon.o
CXX     apps/regression/banner_view.o
CXX     apps/regression/calculation_controller.o
CXX     apps/regression/column_title_cell.o
CXX     apps/regression/even_odd_double_buffer_text_cell_with_separator.o
CXX     apps/regression/go_to_parameter_controller.o
CXX     apps/regression/graph_controller.o
CXX     apps/regression/graph_options_controller.o
CXX     apps/regression/graph_view.o
CXX     apps/regression/linear_model_helper.o
CXX     apps/regression/model/cubic_model.o
CXX     apps/regression/model/exponential_model.o
CXX     apps/regression/model/linear_model.o
CXX     apps/regression/model/logarithmic_model.o
CXX     apps/regression/model/logistic_model.o
CXX     apps/regression/model/model.o
CXX     apps/regression/model/power_model.o
CXX     apps/regression/model/proportional_model.o
CXX     apps/regression/model/quadratic_model.o
CXX     apps/regression/model/quartic_model.o
CXX     apps/regression/model/trigonometric_model.o
CXX     apps/regression/regression_context.o
CXX     apps/regression/regression_controller.o
CXX     apps/regression/store.o
CXX     apps/regression/store_controller.o
CXX     apps/regression/store_parameter_controller.o
CXX     apps/rpn/rpn_icon.o
CXX     apps/rpn/rpn_content_view.o
CXX     apps/rpn/rpn_input_controller.o
CXX     apps/rpn/rpn_stack.o
CXX     apps/rpn/rpn_stack_controller.o
CXX     apps/rpn/rpn_toolbox.o
CXX     apps/sequence/sequence_icon.o
In file included from apps/rpn/../shared/../apps_container.h:10,
                 from apps/rpn/../shared/text_field_delegate_app.h:8,
                 from apps/rpn/../shared/text_field_delegate.h:4,
                 from apps/rpn/rpn_input_controller.h:6,
                 from apps/rpn/rpn_input_controller.cpp:1:
apps/rpn/../shared/../math_toolbox.h:12:8: warning: 'virtual bool MathToolbox::selectLeaf(int, bool)' was hidden [-Woverloaded-virtual=]
   12 |   bool selectLeaf(int selectedRow, bool quitToolbox) override;
      |        ^~~~~~~~~~
In file included from apps/rpn/app.h:11,
                 from apps/rpn/rpn_input_controller.cpp:2:
apps/rpn/rpn_toolbox.h:17:8: note:   by 'bool Rpn::Toolbox::selectLeaf(int)'
   17 |   bool selectLeaf(int selectedRow);
      |        ^~~~~~~~~~
CXX     apps/sequence/graph/curve_parameter_controller.o
In file included from apps/rpn/rpn_toolbox.h:6,
                 from apps/rpn/rpn_toolbox.cpp:1:
./apps/math_toolbox.h:12:8: warning: 'virtual bool MathToolbox::selectLeaf(int, bool)' was hidden [-Woverloaded-virtual=]
   12 |   bool selectLeaf(int selectedRow, bool quitToolbox) override;
      |        ^~~~~~~~~~
apps/rpn/rpn_toolbox.h:17:8: note:   by 'bool Rpn::Toolbox::selectLeaf(int)'
   17 |   bool selectLeaf(int selectedRow);
      |        ^~~~~~~~~~
CXX     apps/sequence/graph/curve_view_range.o
In file included from apps/rpn/../shared/../apps_container.h:10,
                 from apps/rpn/../shared/text_field_delegate_app.h:8,
                 from apps/rpn/app.h:6,
                 from apps/rpn/rpn_stack_controller.cpp:1:
apps/rpn/../shared/../math_toolbox.h:12:8: warning: 'virtual bool MathToolbox::selectLeaf(int, bool)' was hidden [-Woverloaded-virtual=]
   12 |   bool selectLeaf(int selectedRow, bool quitToolbox) override;
      |        ^~~~~~~~~~
In file included from apps/rpn/app.h:11:
apps/rpn/rpn_toolbox.h:17:8: note:   by 'bool Rpn::Toolbox::selectLeaf(int)'
   17 |   bool selectLeaf(int selectedRow);
      |        ^~~~~~~~~~
CXX     apps/sequence/graph/go_to_parameter_controller.o
CXX     apps/sequence/graph/graph_controller.o
CXX     apps/sequence/graph/graph_view.o
apps/rpn/rpn_stack.cpp: In member function 'I18n::Message Rpn::Stack::operator()(Poincare::ExpressionNode::Type, Poincare::Context*)':
apps/rpn/rpn_stack.cpp:140:35: warning: moving a temporary object prevents copy elision [-Wpessimizing-move]
  140 |       return doOperation(std::move(poincareOperators[i].op(*this)), *context, poincareOperators[i].nargs);
      |                          ~~~~~~~~~^~~~~~~~~~~~~~~~~~~~~~~~~~~~~~~~
apps/rpn/rpn_stack.cpp:140:35: note: remove 'std::move' call
apps/rpn/rpn_stack.cpp: In member function 'I18n::Message Rpn::Stack::operator()(SpecialOperation, Poincare::Context*)':
apps/rpn/rpn_stack.cpp:161:35: warning: moving a temporary object prevents copy elision [-Wpessimizing-move]
  161 |       return doOperation(std::move(specialOperators[i].op(*this)), *context, specialOperators[i].nargs);
      |                          ~~~~~~~~~^~~~~~~~~~~~~~~~~~~~~~~~~~~~~~~
apps/rpn/rpn_stack.cpp:161:35: note: remove 'std::move' call
CXX     apps/sequence/graph/term_sum_controller.o
apps/rpn/rpn_stack.cpp: In member function 'I18n::Message Rpn::Stack::operator()(I18n::Message, Poincare::Context*)':
apps/rpn/rpn_stack.cpp:257:35: warning: moving a temporary object prevents copy elision [-Wpessimizing-move]
  257 |       return doOperation(std::move(messageOperators[i].op(*this)), *context, messageOperators[i].nargs);
      |                          ~~~~~~~~~^~~~~~~~~~~~~~~~~~~~~~~~~~~~~~~
apps/rpn/rpn_stack.cpp:257:35: note: remove 'std::move' call
CXX     apps/sequence/list/list_controller.o
CXX     apps/sequence/list/list_parameter_controller.o
CXX     apps/sequence/list/sequence_toolbox.o
CXX     apps/sequence/list/type_parameter_controller.o
CXX     apps/sequence/values/interval_parameter_controller.o
CXX     apps/sequence/values/values_controller.o
CXX     apps/settings/settings_icon.o
CXX     apps/settings/cell_with_separator.o
CXX     apps/settings/main_controller.o
CXX     apps/settings/main_controller_prompt_none.o
CXX     apps/settings/sub_menu/about_controller.o
CXX     apps/settings/sub_menu/about_controller_non_official.o
CXX     apps/settings/sub_menu/accessibility_controller.o
CXX     apps/settings/sub_menu/brightness_controller.o
CXX     apps/settings/sub_menu/code_options_controller.o
apps/settings/sub_menu/about_controller_non_official.cpp: In member function 'virtual void Settings::AboutController::viewWillAppear()':
apps/settings/sub_menu/about_controller_non_official.cpp:10:17: warning: unused variable 'cautionMessages' [-Wunused-variable]
   10 |   I18n::Message cautionMessages[] = {I18n::Message::AboutWarning1, I18n::Message::AboutWarning2, I18n::Message::AboutWarning3, I18n::Message::AboutWarning4};
      |                 ^~~~~~~~~~~~~~~
CXX     apps/settings/sub_menu/contributors_controller.o
CXX     apps/settings/sub_menu/datetime_controller.o
CXX     apps/settings/sub_menu/display_mode_controller.o
CXX     apps/settings/sub_menu/exam_mode_controller.o
CXX     apps/settings/sub_menu/exam_mode_controller_non_official.o
CXX     apps/settings/sub_menu/external_controller.o
CXX     apps/settings/sub_menu/generic_sub_controller.o
CXX     apps/settings/sub_menu/localization_controller.o
CXX     apps/settings/sub_menu/math_options_controller.o
apps/settings/sub_menu/exam_mode_controller.cpp: In member function 'virtual void Settings::ExamModeController::willDisplayCellForIndex(HighlightCell*, int)':
apps/settings/sub_menu/exam_mode_controller.cpp:86:17: warning: unused variable 'preferences' [-Wunused-variable]
   86 |   Preferences * preferences = Preferences::sharedPreferences();
      |                 ^~~~~~~~~~~
CXX     apps/settings/sub_menu/preferences_controller.o
CXX     apps/settings/sub_menu/selectable_view_with_messages.o
CXX     apps/shared/banner_view.o
CXX     apps/shared/buffer_function_title_cell.o
CXX     apps/shared/buffer_text_view_with_text_field.o
CXX     apps/shared/button_with_separator.o
CXX     apps/shared/color_cell.o
CXX     apps/shared/color_parameter_controller.o
CXX     apps/shared/continuous_function.o
CXX     apps/shared/continuous_function_cache.o
CXX     apps/shared/cursor_view.o
CXX     apps/shared/curve_view.o
CXX     apps/shared/curve_view_cursor.o
CXX     apps/shared/curve_view_range.o
CXX     apps/shared/discard_pop_up_controller.o
CXX     apps/shared/dots.o
CXX     apps/shared/double_pair_store.o
CXX     apps/shared/editable_cell_table_view_controller.o
CXX     apps/shared/expression_field_delegate_app.o
CXX     apps/shared/expression_model.o
CXX     apps/shared/expression_model_handle.o
CXX     apps/shared/expression_model_list_controller.o
CXX     apps/shared/expression_model_store.o
CXX     apps/shared/float_parameter_controller.o
CXX     apps/shared/function.o
CXX     apps/shared/function_app.o
CXX     apps/shared/function_banner_delegate.o
apps/shared/expression_model_list_controller.cpp: In member function 'bool Shared::ExpressionModelListController::handleEventOnExpression(Ion::Events::Event)':
apps/shared/expression_model_list_controller.cpp:187:44: warning: variable 'model' set but not used [-Wunused-but-set-variable]
  187 |     ExpiringPointer<ExpressionModelHandle> model = modelStore()->modelForRecord(record);
      |                                            ^~~~~
CXX     apps/shared/function_curve_parameter_controller.o
CXX     apps/shared/function_expression_cell.o
CXX     apps/shared/function_go_to_parameter_controller.o
CXX     apps/shared/function_graph_controller.o
CXX     apps/shared/function_graph_view.o
CXX     apps/shared/function_list_controller.o
CXX     apps/shared/function_store.o
CXX     apps/shared/function_title_cell.o
CXX     apps/shared/function_zoom_and_pan_curve_view_controller.o
CXX     apps/shared/global_context.o
CXX     apps/shared/go_to_parameter_controller.o
CXX     apps/shared/hideable_even_odd_buffer_text_cell.o
CXX     apps/shared/hideable_even_odd_cell.o
CXX     apps/shared/hideable_even_odd_editable_text_cell.o
CXX     apps/shared/input_event_handler_delegate_app.o
CXX     apps/shared/interactive_curve_view_controller.o
CXX     apps/shared/interactive_curve_view_range.o
CXX     apps/shared/interactive_curve_view_range_delegate.o
CXX     apps/shared/interval.o
CXX     apps/shared/interval_parameter_controller.o
CXX     apps/shared/labeled_curve_view.o
CXX     apps/shared/layout_field_delegate.o
CXX     apps/shared/list_parameter_controller.o
CXX     apps/shared/localization_controller.o
CXX     apps/shared/memoized_curve_view_range.o
CXX     apps/shared/message_view.o
CXX     apps/shared/ok_view.o
CXX     apps/shared/parameter_text_field_delegate.o
CXX     apps/shared/post_and_hardware_tests.o
CXX     apps/shared/range_1D.o
CXX     apps/shared/range_parameter_controller.o
CXX     apps/shared/regular_table_view_data_source.o
CXX     apps/shared/round_cursor_view.o
CXX     apps/shared/scrollable_multiple_expressions_view.o
CXX     apps/shared/scrollable_two_expressions_cell.o
apps/shared/list_parameter_controller.cpp: In member function 'virtual void Shared::ListParameterController::willDisplayCellForIndex(HighlightCell*, int)':
apps/shared/list_parameter_controller.cpp:44:22: warning: comparison of integer expressions of different signedness: 'int' and 'size_t' {aka 'unsigned int'} [-Wsign-compare]
   44 |     for(int i = 0; i < Palette::numberOfDataColors(); i++) {
      |                    ~~^~~~~~~~~~~~~~~~~~~~~~~~~~~~~~~
CXX     apps/shared/separable.o
CXX     apps/shared/separator_even_odd_buffer_text_cell.o
CXX     apps/shared/sequence.o
CXX     apps/shared/sequence_cache_context.o
CXX     apps/shared/sequence_context.o
CXX     apps/shared/sequence_store.o
CXX     apps/shared/sequence_title_cell.o
CXX     apps/shared/shared_app.o
CXX     apps/shared/simple_interactive_curve_view_controller.o
CXX     apps/shared/store_cell.o
CXX     apps/shared/store_controller.o
CXX     apps/shared/store_parameter_controller.o
CXX     apps/shared/store_selectable_table_view.o
CXX     apps/shared/store_title_cell.o
CXX     apps/shared/sum_graph_controller.o
CXX     apps/shared/tab_table_controller.o
CXX     apps/shared/text_field_delegate.o
CXX     apps/shared/text_field_delegate_app.o
CXX     apps/shared/text_field_with_extension.o
CXX     apps/shared/text_helpers.o
CXX     apps/shared/toolbox_helpers.o
CXX     apps/shared/values_controller.o
CXX     apps/shared/values_function_parameter_controller.o
CXX     apps/shared/values_parameter_controller.o
CXX     apps/shared/vertical_cursor_view.o
CXX     apps/shared/xy_banner_view.o
CXX     apps/shared/zoom_and_pan_curve_view_controller.o
CXX     apps/shared/zoom_curve_view_controller.o
CXX     apps/shift_alpha_lock_view.o
CXX     apps/solver/solver_icon.o
CXX     apps/solver/equation.o
CXX     apps/solver/equation_list_view.o
CXX     apps/solver/equation_models_parameter_controller.o
CXX     apps/solver/equation_store.o
CXX     apps/solver/interval_controller.o
CXX     apps/solver/list_controller.o
CXX     apps/solver/solutions_controller.o
CXX     apps/statistics/stat_icon.o
CXX     apps/statistics/box_axis_view.o
CXX     apps/statistics/box_banner_view.o
CXX     apps/statistics/box_controller.o
CXX     apps/statistics/box_range.o
CXX     apps/statistics/box_view.o
CXX     apps/statistics/calculation_controller.o
CXX     apps/statistics/calculation_selectable_table_view.o
CXX     apps/statistics/histogram_banner_view.o
CXX     apps/statistics/histogram_controller.o
CXX     apps/statistics/histogram_parameter_controller.o
CXX     apps/statistics/histogram_view.o
CXX     apps/statistics/multiple_boxes_view.o
CXX     apps/statistics/multiple_data_view.o
CXX     apps/statistics/multiple_data_view_controller.o
CXX     apps/statistics/multiple_histograms_view.o
CXX     apps/statistics/statistics_context.o
CXX     apps/statistics/store.o
CXX     apps/statistics/store_controller.o
CXX     apps/suspend_timer.o
CXX     apps/timer_manager.o
CXX     apps/title_bar_view.o
CXX     apps/usb/app.o
CXX     apps/usb/usb_connected_controller.o
CXX     apps/xnt_loop.o
CXX     bootloader/computer.o
CXX     escher/src/alternate_empty_view_controller.o
CXX     escher/src/animation_timer.o
CXX     escher/src/app.o
CXX     escher/src/background_view.o
CXX     escher/src/bank_view_controller.o
CXX     escher/src/bordered.o
CXX     escher/src/buffer_text_view.o
CXX     escher/src/button.o
CXX     escher/src/button_row_controller.o
CXX     escher/src/button_state.o
CXX     escher/src/chevron_view.o
CXX     escher/src/clipboard.o
CXX     escher/src/container.o
CXX     escher/src/editable_text_cell.o
CXX     escher/src/ellipsis_view.o
CXX     escher/src/even_odd_buffer_text_cell.o
CXX     escher/src/even_odd_cell.o
CXX     escher/src/even_odd_editable_text_cell.o
CXX     escher/src/even_odd_cell_with_ellipsis.o
CXX     escher/src/even_odd_expression_cell.o
CXX     escher/src/even_odd_message_text_cell.o
CXX     escher/src/expression_field.o
CXX     escher/src/expression_table_cell.o
CXX     escher/src/expression_table_cell_with_expression.o
CXX     escher/src/expression_table_cell_with_pointer.o
CXX     escher/src/expression_view.o
CXX     escher/src/gauge_view.o
CXX     escher/src/highlight_cell.o
CXX     escher/src/icon_view.o
CXX     escher/src/image_view.o
CXX     escher/src/input_event_handler.o
CXX     escher/src/input_view_controller.o
CXX     escher/src/invocation.o
CXX     escher/src/layout_field.o
CXX     escher/src/key_view.o
CXX     escher/src/list_view_data_source.o
CXX     escher/src/message_table_cell.o
CXX     escher/src/message_table_cell_with_buffer.o
CXX     escher/src/message_table_cell_with_chevron.o
CXX     escher/src/message_table_cell_with_chevron_and_buffer.o
CXX     escher/src/message_table_cell_with_chevron_and_expression.o
CXX     escher/src/message_table_cell_with_chevron_and_message.o
CXX     escher/src/message_table_cell_with_editable_text.o
CXX     escher/src/message_table_cell_with_expression.o
CXX     escher/src/message_table_cell_with_gauge.o
CXX     escher/src/message_table_cell_with_message.o
CXX     escher/src/message_table_cell_with_switch.o
CXX     escher/src/message_text_view.o
CXX     escher/src/metric.o
CXX     escher/src/modal_view_controller.o
CXX     escher/src/modal_view_empty_controller.o
CXX     escher/src/nested_menu_controller.o
CXX     escher/src/palette.o
CXX     escher/src/pointer_text_view.o
CXX     escher/src/pop_up_controller.o
CXX     escher/src/responder.o
CXX     escher/src/run_loop.o
CXX     escher/src/scroll_view.o
CXX     escher/src/scroll_view_data_source.o
CXX     escher/src/scroll_view_indicator.o
CXX     escher/src/scrollable_expression_view.o
CXX     escher/src/scrollable_view.o
CXX     escher/src/selectable_table_view.o
CXX     escher/src/simple_list_view_data_source.o
CXX     escher/src/simple_table_view_data_source.o
CXX     escher/src/slideable_message_text_view.o
CXX     escher/src/solid_color_view.o
CXX     escher/src/stack_view.o
CXX     escher/src/stack_view_controller.o
CXX     escher/src/switch_view.o
CXX     escher/src/tab_view.o
CXX     escher/src/tab_view_cell.o
CXX     escher/src/tab_view_controller.o
CXX     escher/src/tab_view_data_source.o
CXX     escher/src/table_cell.o
CXX     escher/src/table_view.o
CXX     escher/src/table_view_data_source.o
CXX     escher/src/text_area.o
CXX     escher/src/text_cursor_view.o
CXX     escher/src/text_field.o
CXX     escher/src/text_input.o
CXX     escher/src/text_input_helpers.o
CXX     escher/src/text_view.o
CXX     escher/src/tiled_view.o
CXX     escher/src/timer.o
escher/src/timer.cpp: In member function 'void Timer::reset(uint32_t)':
escher/src/timer.cpp:20:16: warning: comparison of integer expressions of different signedness: 'uint32_t' {aka 'unsigned int'} and 'int' [-Wsign-compare]
   20 |   if(NewPeriod != -1){
      |      ~~~~~~~~~~^~~~~
CXX     escher/src/toggleable_dot_view.o
CXX     escher/src/toggleable_view.o
CXX     escher/src/toolbox.o
CXX     escher/src/transparent_view.o
CXX     escher/src/view.o
CXX     escher/src/view_controller.o
CXX     escher/src/warning_controller.o
CXX     escher/src/window.o
CXX     ion/src/device/n0100/boot/rt0.o
CXX     ion/src/device/n0100/drivers/board.o
CXX     ion/src/device/n0100/drivers/external_flash.o
CXX     ion/src/device/n0100/drivers/led.o
CXX     ion/src/device/n0100/drivers/power.o
CXX     ion/src/device/n0100/drivers/reset.o
CXX     ion/src/device/n0100/drivers/usb.o
CXX     ion/src/device/n0100/platform_info.o
CC      ion/src/device/shared/boot/isr.o
<command-line>: warning: "EPSILON_VERSION" redefined
<command-line>: note: this is the location of the previous definition
<command-line>: warning: "OMEGA_VERSION" redefined
CXX     ion/src/device/shared/drivers/backlight.o
<command-line>: note: this is the location of the previous definition
<command-line>: warning: "UPSILON_VERSION" redefined
<command-line>: note: this is the location of the previous definition
CXX     ion/src/device/shared/drivers/base64.o
ion/src/device/n0100/boot/rt0.cpp:122:55: warning: FP registers might be clobbered despite 'interrupt' attribute: compile with '-mgeneral-regs-only' [-Wattributes]
  122 | void __attribute__((interrupt, noinline)) isr_systick() {
      |                                                       ^
CXX     ion/src/device/shared/drivers/battery.o
CXX     ion/src/device/shared/drivers/bldata.o
CXX     ion/src/device/shared/drivers/board.o
ion/src/device/shared/drivers/bldata.cpp: In member function 'Ion::Device::BootloaderSharedData::BootloaderSharedData()':
ion/src/device/shared/drivers/bldata.cpp:16:9: warning: 'this_4(D)->m_header' is used uninitialized [-Wuninitialized]
   16 |     if (m_header != Magic) {
      |         ^~~~~~~~
CXX     ion/src/device/shared/drivers/clipboard.o
CXX     ion/src/device/shared/drivers/console_dummy.o
CXX     ion/src/device/shared/drivers/crc32.o
CXX     ion/src/device/shared/drivers/display.o
CXX     ion/src/device/shared/drivers/events_keyboard_platform.o
CXX     ion/src/device/shared/drivers/exam_mode.o
CXX     ion/src/device/shared/drivers/flash.o
CXX     ion/src/device/shared/drivers/internal_flash.o
CXX     ion/src/device/shared/drivers/keyboard.o
CXX     ion/src/device/shared/drivers/led.o
CXX     ion/src/device/shared/drivers/pcb_version.o
CXX     ion/src/device/shared/drivers/power.o
CXX     ion/src/device/shared/drivers/random.o
CXX     ion/src/device/shared/drivers/reset.o
CXX     ion/src/device/shared/drivers/rtc.o
CXX     ion/src/device/shared/drivers/serial_number.o
CXX     ion/src/device/shared/drivers/swd.o
CXX     ion/src/device/shared/drivers/timing.o
CXX     ion/src/device/shared/drivers/usb.o
CXX     ion/src/device/shared/drivers/usb_desc.o
CXX     ion/src/device/shared/drivers/wakeup.o
CXX     ion/src/device/shared/events.o
CXX     ion/src/device/shared/stack.o
CXX     ion/src/device/shared/drivers/console_uart.o
CXX     ion/src/device/shared/usb/calculator.o
CXX     ion/src/device/shared/usb/dfu_interface.o
CXX     ion/src/device/shared/usb/stack/descriptor/bos_descriptor.o
CXX     ion/src/device/shared/usb/stack/descriptor/configuration_descriptor.o
CXX     ion/src/device/shared/usb/stack/descriptor/descriptor.o
CXX     ion/src/device/shared/usb/stack/descriptor/device_capability_descriptor.o
CXX     ion/src/device/shared/usb/stack/descriptor/device_descriptor.o
CXX     ion/src/device/shared/usb/stack/descriptor/dfu_functional_descriptor.o
CXX     ion/src/device/shared/usb/stack/descriptor/extended_compat_id_descriptor.o
CXX     ion/src/device/shared/usb/stack/descriptor/interface_descriptor.o
CXX     ion/src/device/shared/usb/stack/descriptor/language_id_string_descriptor.o
CXX     ion/src/device/shared/usb/stack/descriptor/microsoft_os_string_descriptor.o
CXX     ion/src/device/shared/usb/stack/descriptor/platform_device_capability_descriptor.o
CXX     ion/src/device/shared/usb/stack/descriptor/string_descriptor.o
CXX     ion/src/device/shared/usb/stack/descriptor/url_descriptor.o
CXX     ion/src/device/shared/usb/stack/descriptor/webusb_platform_descriptor.o
CXX     ion/src/device/shared/usb/stack/device.o
CXX     ion/src/device/shared/usb/stack/endpoint0.o
CXX     ion/src/device/shared/usb/stack/interface.o
CXX     ion/src/device/shared/usb/stack/request_recipient.o
CXX     ion/src/device/shared/usb/stack/setup_packet.o
CXX     ion/src/device/shared/usb/stack/streamable.o
CC      liba/src/abs.o
CC      liba/src/assert.o
CC      liba/src/memcpy.o
CC      liba/src/memset.o
CC      liba/src/strlcpy.o
CC      liba/src/strlen.o
CXX     libaxx/src/cxxabi/pure_virtual.o
CXX     ion/src/device/shared/usb/dfu_relocated.o
CC      ion/src/external/lz4/lz4.o
CXX     ion/src/shared/collect_registers.o
CXX     ion/src/shared/console_line.o
CXX     ion/src/shared/crc32_eat_byte.o
CXX     ion/src/shared/decompress.o
CXX     ion/src/shared/events.o
CXX     ion/src/shared/events_keyboard.o
CXX     ion/src/shared/events_modifier.o
CXX     ion/src/shared/internal_storage.o
CXX     ion/src/shared/keyboard/layout_B2/layout_events.o
CXX     ion/src/shared/rtc.o
CXX     ion/src/shared/stack_position.o
ion/src/shared/internal_storage.cpp: In member function 'int Ion::InternalStorage::numberOfRecords()':
ion/src/shared/internal_storage.cpp:231:18: warning: unused variable 'name' [-Wunused-variable]
  231 |     const char * name = fullNameOfRecordStarting(p);
      |                  ^~~~
CXX     ion/src/shared/storage.o
CXX     ion/src/shared/unicode/utf8_decoder.o
CXX     ion/src/shared/unicode/utf8_helper.o
CXX     kandinsky/fonts/ItalicLargeFontExtended.o
CXX     kandinsky/fonts/ItalicSmallFontExtended.o
CXX     kandinsky/fonts/LargeFontExtended.o
CXX     kandinsky/fonts/SmallFontExtended.o
CXX     kandinsky/src/color.o
CXX     kandinsky/src/context.o
CXX     kandinsky/src/context_circle.o
CXX     kandinsky/src/context_line.o
CXX     kandinsky/src/context_pixel.o
CXX     kandinsky/src/context_polygon.o
CXX     kandinsky/src/context_rect.o
CXX     kandinsky/src/context_text.o
CXX     kandinsky/src/font.o
CXX     kandinsky/src/framebuffer.o
CXX     kandinsky/src/framebuffer_context.o
CXX     kandinsky/src/ion_context.o
CXX     kandinsky/src/point.o
CXX     kandinsky/src/postprocess_context.o
CXX     kandinsky/src/postprocess_gamma_context.o
CXX     kandinsky/src/postprocess_invert_context.o
CXX     kandinsky/src/postprocess_zoom_context.o
CXX     kandinsky/src/rect.o
CC      liba/src/aeabi-rt/atexit.o
AS      liba/src/armv7m/longjmp.o
AS      liba/src/armv7m/setjmp.o
CC      liba/src/bzero.o
CC      liba/src/ctype.o
CC      liba/src/errno.o
CC      liba/src/external/openbsd/b_exp__D.o
CC      liba/src/external/openbsd/b_log__D.o
CC      liba/src/external/openbsd/b_tgamma.o
CC      liba/src/external/openbsd/e_acos.o
CC      liba/src/external/openbsd/e_acosf.o
CC      liba/src/external/openbsd/e_acosh.o
CC      liba/src/external/openbsd/e_acoshf.o
CC      liba/src/external/openbsd/e_asin.o
CC      liba/src/external/openbsd/e_asinf.o
CC      liba/src/external/openbsd/e_atan2.o
CC      liba/src/external/openbsd/e_atan2f.o
CC      liba/src/external/openbsd/e_atanh.o
CC      liba/src/external/openbsd/e_atanhf.o
CC      liba/src/external/openbsd/e_cosh.o
CC      liba/src/external/openbsd/e_coshf.o
CC      liba/src/external/openbsd/e_exp.o
CC      liba/src/external/openbsd/e_fmod.o
CC      liba/src/external/openbsd/e_expf.o
CC      liba/src/external/openbsd/e_fmodf.o
CC      liba/src/external/openbsd/e_hypot.o
CC      liba/src/external/openbsd/e_hypotf.o
CC      liba/src/external/openbsd/e_lgamma_r.o
CC      liba/src/external/openbsd/e_lgammaf_r.o
CC      liba/src/external/openbsd/e_log.o
CC      liba/src/external/openbsd/e_log10.o
CC      liba/src/external/openbsd/e_log10f.o
CC      liba/src/external/openbsd/e_log2.o
CC      liba/src/external/openbsd/e_logf.o
CC      liba/src/external/openbsd/e_pow.o
CC      liba/src/external/openbsd/e_powf.o
CC      liba/src/external/openbsd/e_rem_pio2.o
CC      liba/src/external/openbsd/e_rem_pio2f.o
CC      liba/src/external/openbsd/e_scalb.o
CC      liba/src/external/openbsd/e_sinh.o
CC      liba/src/external/openbsd/e_sinhf.o
CC      liba/src/external/openbsd/e_sqrt.o
CC      liba/src/external/openbsd/e_sqrtf.o
CC      liba/src/external/openbsd/k_cos.o
CC      liba/src/external/openbsd/k_cosf.o
CC      liba/src/external/openbsd/k_rem_pio2.o
CC      liba/src/external/openbsd/k_rem_pio2f.o
CC      liba/src/external/openbsd/k_sin.o
CC      liba/src/external/openbsd/k_sinf.o
CC      liba/src/external/openbsd/k_tan.o
CC      liba/src/external/openbsd/k_tanf.o
CC      liba/src/external/openbsd/s_asinh.o
CC      liba/src/external/openbsd/s_asinhf.o
CC      liba/src/external/openbsd/s_atan.o
CC      liba/src/external/openbsd/s_atanf.o
CC      liba/src/external/openbsd/s_ceil.o
CC      liba/src/external/openbsd/s_ceilf.o
CC      liba/src/external/openbsd/s_copysign.o
CC      liba/src/external/openbsd/s_copysignf.o
CC      liba/src/external/openbsd/s_cos.o
CC      liba/src/external/openbsd/s_cosf.o
CC      liba/src/external/openbsd/s_erf.o
CC      liba/src/external/openbsd/s_erff.o
CC      liba/src/external/openbsd/s_expm1.o
CC      liba/src/external/openbsd/s_expm1f.o
CC      liba/src/external/openbsd/s_fabs.o
CC      liba/src/external/openbsd/s_fabsf.o
CC      liba/src/external/openbsd/s_floor.o
CC      liba/src/external/openbsd/s_floorf.o
CC      liba/src/external/openbsd/s_fmax.o
CC      liba/src/external/openbsd/s_fmaxf.o
CC      liba/src/external/openbsd/s_frexp.o
CC      liba/src/external/openbsd/s_frexpf.o
CC      liba/src/external/openbsd/s_log1p.o
CC      liba/src/external/openbsd/s_log1pf.o
CC      liba/src/external/openbsd/s_logb.o
CC      liba/src/external/openbsd/s_logbf.o
CC      liba/src/external/openbsd/s_modf.o
CC      liba/src/external/openbsd/s_modff.o
CC      liba/src/external/openbsd/s_nextafter.o
CC      liba/src/external/openbsd/s_nextafterf.o
CC      liba/src/external/openbsd/s_rint.o
CC      liba/src/external/openbsd/s_round.o
CC      liba/src/external/openbsd/s_roundf.o
CC      liba/src/external/openbsd/s_scalbn.o
CC      liba/src/external/openbsd/s_scalbnf.o
CC      liba/src/external/openbsd/s_signgam.o
CC      liba/src/external/openbsd/s_sin.o
CC      liba/src/external/openbsd/s_sinf.o
CC      liba/src/external/openbsd/s_tan.o
CC      liba/src/external/openbsd/s_tanf.o
CC      liba/src/external/openbsd/s_tanh.o
CC      liba/src/external/openbsd/s_trunc.o
CC      liba/src/external/openbsd/s_tanhf.o
CC      liba/src/external/openbsd/s_truncf.o
CC      liba/src/external/openbsd/w_lgamma.o
CC      liba/src/external/openbsd/w_lgammaf.o
CC      liba/src/external/sqlite/mem5.o
CC      liba/src/fpclassify.o
CC      liba/src/fpclassifyf.o
CC      liba/src/ieee754.o
CC      liba/src/itoa.o
CC      liba/src/malloc.o
CC      liba/src/memcmp.o
CC      liba/src/memmove.o
CC      liba/src/nearbyint.o
CC      liba/src/nearbyintf.o
CC      liba/src/strchr.o
CC      liba/src/strcmp.o
CC      liba/src/strlcat.o
CXX     libaxx/include/external/libcxx/complex.o
CXX     libaxx/src/cxxabi/atexit.o
CXX     libaxx/src/new.o
CXX     poincare/src/absolute_value.o
CXX     poincare/src/addition.o
CXX     poincare/src/arc_cosine.o
CXX     poincare/src/approximation_helper.o
CXX     poincare/src/arc_sine.o
CXX     poincare/src/arc_tangent.o
CXX     poincare/src/arithmetic.o
CXX     poincare/src/based_integer.o
CXX     poincare/src/beta_function.o
CXX     poincare/src/binom_cdf.o
CXX     poincare/src/binom_pdf.o
CXX     poincare/src/binomial_coefficient.o
CXX     poincare/src/binomial_coefficient_layout.o
CXX     poincare/src/binomial_distribution.o
CXX     poincare/src/binomial_distribution_function.o
CXX     poincare/src/bracket_layout.o
CXX     poincare/src/bracket_pair_layout.o
CXX     poincare/src/ceiling.o
CXX     poincare/src/code_point_layout.o
CXX     poincare/src/complex.o
CXX     poincare/src/complex_argument.o
CXX     poincare/src/complex_cartesian.o
CXX     poincare/src/condensed_sum_layout.o
CXX     poincare/src/confidence_interval.o
CXX     poincare/src/conjugate.o
CXX     poincare/src/conjugate_layout.o
CXX     poincare/src/constant.o
CXX     poincare/src/cosine.o
CXX     poincare/src/decimal.o
CXX     poincare/src/derivative.o
CXX     poincare/src/determinant.o
CXX     poincare/src/division.o
CXX     poincare/src/division_quotient.o
CXX     poincare/src/division_remainder.o
CXX     poincare/src/empty_expression.o
CXX     poincare/src/empty_layout.o
CXX     poincare/src/equal.o
CXX     poincare/src/erf_inv.o
CXX     poincare/src/evaluation.o
CXX     poincare/src/exception_checkpoint.o
CXX     poincare/src/expression.o
CXX     poincare/src/expression_node.o
CXX     poincare/src/factor.o
CXX     poincare/src/factorial.o
CXX     poincare/src/float.o
CXX     poincare/src/floor.o
CXX     poincare/src/frac_part.o
CXX     poincare/src/fraction_layout.o
CXX     poincare/src/function.o
CXX     poincare/src/great_common_divisor.o
CXX     poincare/src/grid_layout.o
CXX     poincare/src/helpers.o
CXX     poincare/src/horizontal_layout.o
CXX     poincare/src/hyperbolic_arc_cosine.o
CXX     poincare/src/hyperbolic_arc_sine.o
CXX     poincare/src/hyperbolic_arc_tangent.o
CXX     poincare/src/hyperbolic_cosine.o
CXX     poincare/src/hyperbolic_sine.o
CXX     poincare/src/hyperbolic_tangent.o
CXX     poincare/src/hyperbolic_trigonometric_function.o
CXX     poincare/src/imaginary_part.o
CXX     poincare/src/infinity.o
CXX     poincare/src/init.o
CXX     poincare/src/integer.o
CXX     poincare/src/integral.o
CXX     poincare/src/integral_layout.o
CXX     poincare/src/inv_binom.o
CXX     poincare/src/inv_norm.o
CXX     poincare/src/kmat.o
CXX     poincare/src/layout.o
CXX     poincare/src/layout_cursor.o
CXX     poincare/src/layout_helper.o
CXX     poincare/src/layout_node.o
CXX     poincare/src/least_common_multiple.o
CXX     poincare/src/left_parenthesis_layout.o
CXX     poincare/src/left_square_bracket_layout.o
CXX     poincare/src/logarithm.o
CXX     poincare/src/matrix.o
CXX     poincare/src/matrix_complex.o
CXX     poincare/src/matrix_dimension.o
CXX     poincare/src/matrix_echelon_form.o
CXX     poincare/src/matrix_identity.o
CXX     poincare/src/matrix_inverse.o
CXX     poincare/src/matrix_layout.o
CXX     poincare/src/matrix_reduced_row_echelon_form.o
CXX     poincare/src/matrix_row_echelon_form.o
CXX     poincare/src/matrix_trace.o
CXX     poincare/src/matrix_transpose.o
CXX     poincare/src/multiplication.o
CXX     poincare/src/n_ary_expression.o
CXX     poincare/src/n_ary_infix_expression.o
CXX     poincare/src/naperian_logarithm.o
CXX     poincare/src/norm_cdf.o
CXX     poincare/src/norm_cdf2.o
CXX     poincare/src/norm_pdf.o
CXX     poincare/src/normal_distribution.o
CXX     poincare/src/normal_distribution_function.o
CXX     poincare/src/nth_root.o
CXX     poincare/src/nth_root_layout.o
CXX     poincare/src/number.o
CXX     poincare/src/opposite.o
CXX     poincare/src/parametered_expression.o
CXX     poincare/src/parenthesis.o
CXX     poincare/src/parenthesis_layout.o
CXX     poincare/src/parsing/parser.o
CXX     poincare/src/parsing/tokenizer.o
CXX     poincare/src/permute_coefficient.o
CXX     poincare/src/power.o
CXX     poincare/src/prediction_interval.o
CXX     poincare/src/preferences.o
CXX     poincare/src/print_float.o
CXX     poincare/src/print_int.o
CXX     poincare/src/product.o
CXX     poincare/src/product_layout.o
CXX     poincare/src/randint.o
CXX     poincare/src/random.o
CXX     poincare/src/rational.o
CXX     poincare/src/real_part.o
CXX     poincare/src/regularized_incomplete_beta_function.o
CXX     poincare/src/right_parenthesis_layout.o
CXX     poincare/src/right_square_bracket_layout.o
CXX     poincare/src/rightwards_arrow_expression.o
CXX     poincare/src/round.o
CXX     poincare/src/sequence.o
CXX     poincare/src/serialization_helper.o
CXX     poincare/src/sequence_layout.o
CXX     poincare/src/sign_function.o
CXX     poincare/src/sine.o
CXX     poincare/src/solver.o
CXX     poincare/src/square_root.o
CXX     poincare/src/store.o
CXX     poincare/src/subtraction.o
CXX     poincare/src/sum.o
CXX     poincare/src/sum_and_product.o
CXX     poincare/src/sum_layout.o
CXX     poincare/src/symbol.o
CXX     poincare/src/symbol_abstract.o
CXX     poincare/src/tangent.o
CXX     poincare/src/tree_handle.o
CXX     poincare/src/tree_node.o
CXX     poincare/src/tree_pool.o
CXX     poincare/src/trigonometry.o
CXX     poincare/src/trigonometry_cheat_table.o
CXX     poincare/src/undefined.o
CXX     poincare/src/unit.o
CXX     poincare/src/unit_convert.o
CXX     poincare/src/unreal.o
CXX     poincare/src/variable_context.o
CXX     poincare/src/vector_cross.o
CXX     poincare/src/vector_dot.o
CXX     poincare/src/vector_layout.o
CXX     poincare/src/vector_norm.o
CXX     poincare/src/vertical_offset_layout.o
CXX     poincare/src/zoom.o
CC      python/port/builtins.o
CXX     python/port/helpers.o
CXX     python/port/mod/ion/file.o
CXX     python/port/mod/ion/modion.o
CXX     python/port/mod/ion/modion_table.o
CXX     python/port/mod/kandinsky/modkandinsky.o
CC      python/port/mod/kandinsky/modkandinsky_table.o
CXX     python/port/mod/matplotlib/modmatplotlib.o
CC      python/port/mod/matplotlib/modmatplotlib_table.o
CXX     python/port/mod/matplotlib/pyplot/modpyplot.o
CC      python/port/mod/matplotlib/pyplot/modpyplot_table.o
CXX     python/port/mod/matplotlib/pyplot/plot_controller.o
CXX     python/port/mod/matplotlib/pyplot/plot_store.o
python/port/mod/kandinsky/modkandinsky.cpp: In function 'void* modkandinsky_fill_polygon(size_t, void* const*)':
python/port/mod/kandinsky/modkandinsky.cpp:158:17: warning: comparison of integer expressions of different signedness: 'int' and 'size_t' {aka 'unsigned int'} [-Wsign-compare]
  158 |   for(int i=0; i<itemLength; i++) {
      |                ~^~~~~~~~~~~
CXX     python/port/mod/matplotlib/pyplot/plot_view.o
CXX     python/port/mod/os/modos.o
CC      python/port/mod/os/modos_table.o
CXX     python/port/mod/time/modtime.o
CC      python/port/mod/time/modtime_table.o
CXX     python/port/mod/turtle/modturtle.o
CC      python/port/mod/turtle/modturtle_table.o
CXX     python/port/mod/turtle/turtle.o
CC      python/port/mphalport.o
CXX     python/port/port.o
CC      python/port/stackctrl.o
python/port/stackctrl.c: In function 'mp_stack_ctrl_init':
python/port/stackctrl.c:35:32: warning: storing the address of local variable 'stack_dummy' in 'mp_state_ctx.thread.stack_top' [-Wdangling-pointer=]
   35 |     MP_STATE_THREAD(stack_top) = (char*)&stack_dummy;
python/port/stackctrl.c:34:18: note: 'stack_dummy' declared here
   34 |     volatile int stack_dummy;
      |                  ^~~~~~~~~~~
In file included from python/port/stackctrl.c:27:
python/src/py/mpstate.h:323:23: note: 'mp_state_ctx' declared here
  323 | extern mp_state_ctx_t mp_state_ctx;
      |                       ^~~~~~~~~~~~
CC      python/src/extmod/modurandom.o
CC      python/src/py/argcheck.o
CC      python/src/py/asmarm.o
CC      python/src/py/asmbase.o
CC      python/src/py/asmthumb.o
CC      python/src/py/asmx64.o
CC      python/src/py/asmx86.o
CC      python/src/py/asmxtensa.o
CC      python/src/py/bc.o
CC      python/src/py/binary.o
CC      python/src/py/builtinevex.o
CC      python/src/py/builtinhelp.o
CC      python/src/py/builtinimport.o
CC      python/src/py/compile.o
CC      python/src/py/emitbc.o
CC      python/src/py/emitcommon.o
CC      python/src/py/emitglue.o
CC      python/src/py/emitinlinethumb.o
CC      python/src/py/emitinlinextensa.o
CC      python/src/py/emitnarm.o
CC      python/src/py/emitnthumb.o
CC      python/src/py/emitnx64.o
CC      python/src/py/emitnx86.o
CC      python/src/py/emitnxtensa.o
CC      python/src/py/emitnxtensawin.o
CC      python/src/py/formatfloat.o
CC      python/src/py/frozenmod.o
CC      python/src/py/gc.o
CC      python/src/py/lexer.o
CC      python/src/py/malloc.o
CC      python/src/py/map.o
CC      python/src/py/modarray.o
CC      python/src/py/modbuiltins.o
CC      python/src/py/modcmath.o
CC      python/src/py/modcollections.o
CC      python/src/py/modgc.o
CC      python/src/py/modio.o
CC      python/src/py/modmath.o
CC      python/src/py/modmicropython.o
CC      python/src/py/modstruct.o
CC      python/src/py/modsys.o
CC      python/src/py/modthread.o
CC      python/src/py/moduerrno.o
CC      python/src/py/mpprint.o
CC      python/src/py/mpstate.o
CC      python/src/py/mpz.o
CC      python/src/py/nativeglue.o
CC      python/src/py/nlr.o
CC      python/src/py/nlraarch64.o
CC      python/src/py/nlrpowerpc.o
CC      python/src/py/nlrsetjmp.o
CC      python/src/py/nlrthumb.o
CC      python/src/py/nlrx64.o
CC      python/src/py/nlrx86.o
CC      python/src/py/nlrxtensa.o
CC      python/src/py/obj.o
CC      python/src/py/objarray.o
CC      python/src/py/objattrtuple.o
CC      python/src/py/objbool.o
CC      python/src/py/objboundmeth.o
CC      python/src/py/objcell.o
CC      python/src/py/objclosure.o
CC      python/src/py/objcomplex.o
CC      python/src/py/objdeque.o
CC      python/src/py/objdict.o
CC      python/src/py/objenumerate.o
CC      python/src/py/objexcept.o
CC      python/src/py/objfilter.o
CC      python/src/py/objfloat.o
CC      python/src/py/objfun.o
CC      python/src/py/objgenerator.o
CC      python/src/py/objgetitemiter.o
CC      python/src/py/objint.o
CC      python/src/py/objint_longlong.o
CC      python/src/py/objint_mpz.o
CC      python/src/py/objlist.o
CC      python/src/py/objmap.o
CC      python/src/py/objmodule.o
CC      python/src/py/objnamedtuple.o
CC      python/src/py/objnone.o
CC      python/src/py/objobject.o
CC      python/src/py/objpolyiter.o
CC      python/src/py/objproperty.o
CC      python/src/py/objrange.o
CC      python/src/py/objreversed.o
CC      python/src/py/objset.o
CC      python/src/py/objsingleton.o
CC      python/src/py/objslice.o
CC      python/src/py/objstr.o
CC      python/src/py/objstringio.o
CC      python/src/py/objstrunicode.o
CC      python/src/py/objtuple.o
CC      python/src/py/objtype.o
CC      python/src/py/objzip.o
CC      python/src/py/opmethods.o
CC      python/src/py/pairheap.o
CC      python/src/py/parse.o
CC      python/src/py/parsenum.o
CC      python/src/py/parsenumbase.o
CC      python/src/py/persistentcode.o
CC      python/src/py/profile.o
CC      python/src/py/pystack.o
CC      python/src/py/qstr.o
CC      python/src/py/reader.o
CC      python/src/py/repl.o
CC      python/src/py/ringbuf.o
CC      python/src/py/runtime.o
CC      python/src/py/runtime_utils.o
CC      python/src/py/scheduler.o
CC      python/src/py/scope.o
CC      python/src/py/sequence.o
CC      python/src/py/showbc.o
CC      python/src/py/smallint.o
CC      python/src/py/stream.o
CC      python/src/py/unicode.o
CC      python/src/py/vm.o
CC      python/src/py/vstr.o
CC      python/src/py/warning.o
CXX     apps/atomic/app.o
CXX     apps/calculation/app.o
CXX     apps/code/app.o
CXX     apps/graph/app.o
CXX     apps/on_boarding/logo_view.o
CXX     apps/probability/app.o
CXX     apps/probability/calculation_controller.o
CXX     apps/probability/calculation_type_controller.o
CXX     apps/probability/distribution_controller.o
CXX     apps/regression/app.o
CXX     apps/rpn/app.o
CXX     apps/sequence/app.o
CXX     apps/settings/app.o
CXX     apps/solver/app.o
CXX     apps/statistics/app.o
LD      ion/src/device/shared/usb/dfu.elf
In file included from apps/rpn/../shared/../apps_container.h:10,
                 from apps/rpn/../shared/text_field_delegate_app.h:8,
                 from apps/rpn/app.h:6,
                 from apps/rpn/app.cpp:1:
apps/rpn/../shared/../math_toolbox.h:12:8: warning: 'virtual bool MathToolbox::selectLeaf(int, bool)' was hidden [-Woverloaded-virtual=]
   12 |   bool selectLeaf(int selectedRow, bool quitToolbox) override;
      |        ^~~~~~~~~~
In file included from apps/rpn/app.h:11:
apps/rpn/rpn_toolbox.h:17:8: note:   by 'bool Rpn::Toolbox::selectLeaf(int)'
   17 |   bool selectLeaf(int selectedRow);
      |        ^~~~~~~~~~
OBJCOPY ion/src/device/shared/usb/dfu.bin
OBJCOPY ion/src/device/shared/usb/dfu.o
LD      epsilon.onboarding.elf
/usr/lib/gcc/arm-none-eabi/13.2.0/../../../../arm-none-eabi/bin/ld: warning: output/release/device/n0100/epsilon.onboarding.elf has a LOAD segment with RWX permissions
Building an internal binary for     output/release/device/n0100/epsilon.onboarding.elf
Padding output/release/device/n0100/epsilon.onboarding.internal.bin
rm -rf output/release/device/n0100/binpack
mkdir -p output/release/device/n0100/binpack
cp output/release/device/n0100/epsilon.onboarding.internal.bin output/release/device/n0100/binpack
cd output/release/device/n0100 && for binary in epsilon.onboarding.internal.bin; do shasum -a 256 -b binpack/${binary} > binpack/${binary}.sha256;done
cd output/release/device/n0100 && tar cvfz binpack-n0100-`git rev-parse HEAD | head -c 7`.tgz binpack/*
binpack/epsilon.onboarding.internal.bin
binpack/epsilon.onboarding.internal.bin.sha256
