[91m[36m         __  __      ______ ____   ____   _____
[91m[36m        / / / /_____/ ,____/_/ /  / __ \/'_   /
[91m[36m       / / / / __ '/ /____/ / /  / / / / / / / 
[91m[36m      / /_/ / /_/ /___,  / / /__/ /_/ / / / /  
[91m[36m      \____/ ____/______/_/____/\____/_/ /_/   
[91m[36m          / /                                  
[91m[36m         /_/                                   
[0;34m          - When Epsiloff and Omegout          [0m

[32mBuilding U1.1.2-E15.5.0
[32m  Targeting Numworks n0100
[32m    Building on Linux amd64
[0m[39m
Makefile:17: reader app included, removing it on n0100. 
Makefile:25: Removing uLab on n0100. 
Makefile:53: HOME_DISPLAY_EXTERNALS is set but external isn't included, ignoring flag.
I18N    apps/i18n.cpp
THEME   escher/palette.h
Cloning https://github.com/Syycorax/Omega-cursed into /home/neo/Documents/Code/Upsilon/themes/themes/git/Omega-cursed...
ERROR: Theme cursed_light doesn't exist!
make: *** [escher/Makefile:13: output/release/device/n0100/escher/palette.h] Error 3
[91m[36m         __  __      ______ ____   ____   _____
[91m[36m        / / / /_____/ ,____/_/ /  / __ \/'_   /
[91m[36m       / / / / __ '/ /____/ / /  / / / / / / / 
[91m[36m      / /_/ / /_/ /___,  / / /__/ /_/ / / / /  
[91m[36m      \____/ ____/______/_/____/\____/_/ /_/   
[91m[36m          / /                                  
[91m[36m         /_/                                   
[0;34m          - When Epsiloff and Omegout          [0m

[32mBuilding U1.1.2-E15.5.0
[32m  Targeting Numworks n0100
[32m    Building on Linux amd64
[0m[39m
Makefile:17: reader app included, removing it on n0100. 
Makefile:25: Removing uLab on n0100. 
Makefile:53: HOME_DISPLAY_EXTERNALS is set but external isn't included, ignoring flag.
THEME   escher/palette.h
Cloning https://github.com/Syycorax/Omega-cursed into /home/neo/Documents/Code/Upsilon/themes/themes/git/Omega-cursed...
ERROR: Theme cursed_light doesn't exist!
make: *** [escher/Makefile:13: output/release/device/n0100/escher/palette.h] Error 3
