Compilation start: Sun Oct 12 05:15:53 PM CEST 2025
[91m[36m         __  __      ______ ____   ____   _____
[91m[36m        / / / /_____/ ,____/_/ /  / __ \/'_   /
[91m[36m       / / / / __ '/ /____/ / /  / / / / / / / 
[91m[36m      / /_/ / /_/ /___,  / / /__/ /_/ / / / /  
[91m[36m      \____/ ____/______/_/____/\____/_/ /_/   
[91m[36m          / /                                  
[91m[36m         /_/                                   
[0;34m          - When Epsiloff and Omegout          [0m

[32mBuilding U1.1.2-E15.5.0
[32m  Targeting Numworks n0110
[32m    Building on Linux amd64
[0m[39m
CXX     ion/src/device/shared/usb/boot.o
THEME   escher/palette.h
I18N    apps/i18n.cpp
HOSTCC  kandinsky/fonts/rasterizer
APPS_LAYOUTapps/home/apps_layout.cpp
QSTRDAT python/port/genhdr/qstrdefs.generated.h
HOSTCC  escher/image/inliner
Cloning https://github.com/Syycorax/Omega-cursed into /home/neo/Documents/Code/Upsilon/themes/themes/git/Omega-cursed...
RASTER  kandinsky/fonts/LargeFontSimple.cpp
RASTER  kandinsky/fonts/SmallFontSimple.cpp
RASTER  kandinsky/fonts/ItalicLargeFontExtended.cpp
RASTER  kandinsky/fonts/ItalicSmallFontExtended.cpp
RASTER  kandinsky/fonts/SmallFontExtended.cpp
RASTER  kandinsky/fonts/LargeFontExtended.cpp
ERROR: Theme cursed_light doesn't exist!
make: *** [escher/Makefile:13: output/release/device/n0110/escher/palette.h] Error 3
Compilation end: Sun Oct 12 05:17:54 PM CEST 2025
